# JRE version: Java(TM) SE Runtime Environment (8.0_101-b13) (build 1.8.0_101-b13)
# Java VM: Java HotSpot(TM) 64-Bit Server VM (25.101-b13 mixed mode windows-amd64 compressed oops)
Heap:
 PSYoungGen      total 108032K, used 42457K [0x00000000e0100000, 0x00000000e7700000, 0x0000000100000000)
  eden space 96768K, 33% used [0x00000000e0100000,0x00000000e210a9e0,0x00000000e5f80000)
  from space 11264K, 85% used [0x00000000e6b00000,0x00000000e746bca8,0x00000000e7600000)
  to   space 11776K, 0% used [0x00000000e5f80000,0x00000000e5f80000,0x00000000e6b00000)
 ParOldGen       total 65536K, used 13557K [0x00000000a0200000, 0x00000000a4200000, 0x00000000e0100000)
  object space 65536K, 20% used [0x00000000a0200000,0x00000000a0f3d6f0,0x00000000a4200000)
 Metaspace       used 18691K, capacity 19184K, committed 19328K, reserved 1067008K
  class space    used 2179K, capacity 2368K, committed 2432K, reserved 1048576K
GC Heap History (10 events):
Event: 92.223 GC heap before
{Heap before GC invocations=4 (full 0):
 PSYoungGen      total 28672K, used 28641K [0x00000000e0100000, 0x00000000e2100000, 0x0000000100000000)
  eden space 24576K, 100% used [0x00000000e0100000,0x00000000e1900000,0x00000000e1900000)
  from space 4096K, 99% used [0x00000000e1900000,0x00000000e1cf8750,0x00000000e1d00000)
  to   space 4096K, 0% used [0x00000000e1d00000,0x00000000e1d00000,0x00000000e2100000)
 ParOldGen       total 65536K, used 3094K [0x00000000a0200000, 0x00000000a4200000, 0x00000000e0100000)
  object space 65536K, 4% used [0x00000000a0200000,0x00000000a0505800,0x00000000a4200000)
 Metaspace       used 14986K, capacity 15256K, committed 15616K, reserved 1062912K
  class space    used 1829K, capacity 1940K, committed 2048K, reserved 1048576K
Event: 92.245 GC heap after
Heap after GC invocations=4 (full 0):
 PSYoungGen      total 28672K, used 4064K [0x00000000e0100000, 0x00000000e2100000, 0x0000000100000000)
  eden space 24576K, 0% used [0x00000000e0100000,0x00000000e0100000,0x00000000e1900000)
  from space 4096K, 99% used [0x00000000e1d00000,0x00000000e20f8020,0x00000000e2100000)
  to   space 4096K, 0% used [0x00000000e1900000,0x00000000e1900000,0x00000000e1d00000)
 ParOldGen       total 65536K, used 7201K [0x00000000a0200000, 0x00000000a4200000, 0x00000000e0100000)
  object space 65536K, 10% used [0x00000000a0200000,0x00000000a0908690,0x00000000a4200000)
 Metaspace       used 14986K, capacity 15256K, committed 15616K, reserved 1062912K
  class space    used 1829K, capacity 1940K, committed 2048K, reserved 1048576K
}
Event: 92.620 GC heap before
{Heap before GC invocations=5 (full 0):
 PSYoungGen      total 28672K, used 28640K [0x00000000e0100000, 0x00000000e2100000, 0x0000000100000000)
  eden space 24576K, 100% used [0x00000000e0100000,0x00000000e1900000,0x00000000e1900000)
  from space 4096K, 99% used [0x00000000e1d00000,0x00000000e20f8020,0x00000000e2100000)
  to   space 4096K, 0% used [0x00000000e1900000,0x00000000e1900000,0x00000000e1d00000)
 ParOldGen       total 65536K, used 7201K [0x00000000a0200000, 0x00000000a4200000, 0x00000000e0100000)
  object space 65536K, 10% used [0x00000000a0200000,0x00000000a0908690,0x00000000a4200000)
 Metaspace       used 15168K, capacity 15384K, committed 15616K, reserved 1062912K
  class space    used 1831K, capacity 1940K, committed 2048K, reserved 1048576K
Event: 92.680 GC heap after
Heap after GC invocations=5 (full 0):
 PSYoungGen      total 28672K, used 4080K [0x00000000e0100000, 0x00000000e4200000, 0x0000000100000000)
  eden space 24576K, 0% used [0x00000000e0100000,0x00000000e0100000,0x00000000e1900000)
  from space 4096K, 99% used [0x00000000e1900000,0x00000000e1cfc030,0x00000000e1d00000)
  to   space 8704K, 0% used [0x00000000e3980000,0x00000000e3980000,0x00000000e4200000)
 ParOldGen       total 65536K, used 9801K [0x00000000a0200000, 0x00000000a4200000, 0x00000000e0100000)
  object space 65536K, 14% used [0x00000000a0200000,0x00000000a0b926a0,0x00000000a4200000)
 Metaspace       used 15168K, capacity 15384K, committed 15616K, reserved 1062912K
  class space    used 1831K, capacity 1940K, committed 2048K, reserved 1048576K
}
Event: 98.478 GC heap before
{Heap before GC invocations=6 (full 0):
 PSYoungGen      total 28672K, used 28656K [0x00000000e0100000, 0x00000000e4200000, 0x0000000100000000)
  eden space 24576K, 100% used [0x00000000e0100000,0x00000000e1900000,0x00000000e1900000)
  from space 4096K, 99% used [0x00000000e1900000,0x00000000e1cfc030,0x00000000e1d00000)
  to   space 8704K, 0% used [0x00000000e3980000,0x00000000e3980000,0x00000000e4200000)
 ParOldGen       total 65536K, used 9801K [0x00000000a0200000, 0x00000000a4200000, 0x00000000e0100000)
  object space 65536K, 14% used [0x00000000a0200000,0x00000000a0b926a0,0x00000000a4200000)
 Metaspace       used 15570K, capacity 15806K, committed 16128K, reserved 1062912K
  class space    used 1866K, capacity 1973K, committed 2048K, reserved 1048576K
Event: 98.523 GC heap after
Heap after GC invocations=6 (full 0):
 PSYoungGen      total 57344K, used 7710K [0x00000000e0100000, 0x00000000e4300000, 0x0000000100000000)
  eden space 48640K, 0% used [0x00000000e0100000,0x00000000e0100000,0x00000000e3080000)
  from space 8704K, 88% used [0x00000000e3980000,0x00000000e4107a10,0x00000000e4200000)
  to   space 9216K, 0% used [0x00000000e3080000,0x00000000e3080000,0x00000000e3980000)
 ParOldGen       total 65536K, used 9809K [0x00000000a0200000, 0x00000000a4200000, 0x00000000e0100000)
  object space 65536K, 14% used [0x00000000a0200000,0x00000000a0b946a0,0x00000000a4200000)
 Metaspace       used 15570K, capacity 15806K, committed 16128K, reserved 1062912K
  class space    used 1866K, capacity 1973K, committed 2048K, reserved 1048576K
}
Event: 113.441 GC heap before
{Heap before GC invocations=7 (full 0):
 PSYoungGen      total 57344K, used 56350K [0x00000000e0100000, 0x00000000e4300000, 0x0000000100000000)
  eden space 48640K, 100% used [0x00000000e0100000,0x00000000e3080000,0x00000000e3080000)
  from space 8704K, 88% used [0x00000000e3980000,0x00000000e4107a10,0x00000000e4200000)
  to   space 9216K, 0% used [0x00000000e3080000,0x00000000e3080000,0x00000000e3980000)
 ParOldGen       total 65536K, used 9809K [0x00000000a0200000, 0x00000000a4200000, 0x00000000e0100000)
  object space 65536K, 14% used [0x00000000a0200000,0x00000000a0b946a0,0x00000000a4200000)
 Metaspace       used 15969K, capacity 16238K, committed 16384K, reserved 1062912K
  class space    used 1875K, capacity 1981K, committed 2048K, reserved 1048576K
Event: 113.522 GC heap after
Heap after GC invocations=7 (full 0):
 PSYoungGen      total 57856K, used 9200K [0x00000000e0100000, 0x00000000e7600000, 0x0000000100000000)
  eden space 48640K, 0% used [0x00000000e0100000,0x00000000e0100000,0x00000000e3080000)
  from space 9216K, 99% used [0x00000000e3080000,0x00000000e397c010,0x00000000e3980000)
  to   space 11264K, 0% used [0x00000000e6b00000,0x00000000e6b00000,0x00000000e7600000)
 ParOldGen       total 65536K, used 11025K [0x00000000a0200000, 0x00000000a4200000, 0x00000000e0100000)
  object space 65536K, 16% used [0x00000000a0200000,0x00000000a0cc46c0,0x00000000a4200000)
 Metaspace       used 15969K, capacity 16238K, committed 16384K, reserved 1062912K
  class space    used 1875K, capacity 1981K, committed 2048K, reserved 1048576K
}
Event: 134.654 GC heap before
{Heap before GC invocations=8 (full 0):
 PSYoungGen      total 57856K, used 57840K [0x00000000e0100000, 0x00000000e7600000, 0x0000000100000000)
  eden space 48640K, 100% used [0x00000000e0100000,0x00000000e3080000,0x00000000e3080000)
  from space 9216K, 99% used [0x00000000e3080000,0x00000000e397c010,0x00000000e3980000)
  to   space 11264K, 0% used [0x00000000e6b00000,0x00000000e6b00000,0x00000000e7600000)
 ParOldGen       total 65536K, used 11025K [0x00000000a0200000, 0x00000000a4200000, 0x00000000e0100000)
  object space 65536K, 16% used [0x00000000a0200000,0x00000000a0cc46c0,0x00000000a4200000)
 Metaspace       used 17377K, capacity 17840K, committed 18176K, reserved 1064960K
  class space    used 2019K, capacity 2192K, committed 2304K, reserved 1048576K
Event: 134.688 GC heap after
Heap after GC invocations=8 (full 0):
 PSYoungGen      total 108032K, used 9647K [0x00000000e0100000, 0x00000000e7700000, 0x0000000100000000)
  eden space 96768K, 0% used [0x00000000e0100000,0x00000000e0100000,0x00000000e5f80000)
  from space 11264K, 85% used [0x00000000e6b00000,0x00000000e746bca8,0x00000000e7600000)
  to   space 11776K, 0% used [0x00000000e5f80000,0x00000000e5f80000,0x00000000e6b00000)
 ParOldGen       total 65536K, used 13557K [0x00000000a0200000, 0x00000000a4200000, 0x00000000e0100000)
  object space 65536K, 20% used [0x00000000a0200000,0x00000000a0f3d6f0,0x00000000a4200000)
 Metaspace       used 17377K, capacity 17840K, committed 18176K, reserved 1064960K
  class space    used 2019K, capacity 2192K, committed 2304K, reserved 1048576K
}

