# JRE version: Java(TM) SE Runtime Environment (8.0_101-b13) (build 1.8.0_101-b13)
# Java VM: Java HotSpot(TM) 64-Bit Server VM (25.101-b13 mixed mode windows-amd64 compressed oops)
Heap:
 PSYoungGen      total 493568K, used 198906K [0x00000000e0100000, 0x0000000100000000, 0x0000000100000000)
  eden space 464896K, 38% used [0x00000000e0100000,0x00000000eb010000,0x00000000fc700000)
  from space 28672K, 68% used [0x00000000fc700000,0x00000000fda2e840,0x00000000fe300000)
  to   space 28672K, 0% used [0x00000000fe400000,0x00000000fe400000,0x0000000100000000)
 ParOldGen       total 115200K, used 90498K [0x00000000a0200000, 0x00000000a7280000, 0x00000000e0100000)
  object space 115200K, 78% used [0x00000000a0200000,0x00000000a5a60ae0,0x00000000a7280000)
 Metaspace       used 107530K, capacity 112803K, committed 113024K, reserved 1148928K
  class space    used 12868K, capacity 13851K, committed 13952K, reserved 1048576K
GC Heap History (10 events):
Event: 1385.223 GC heap before
{Heap before GC invocations=39 (full 9):
 PSYoungGen      total 493056K, used 483727K [0x00000000e0100000, 0x00000000fff00000, 0x0000000100000000)
  eden space 463872K, 100% used [0x00000000e0100000,0x00000000fc600000,0x00000000fc600000)
  from space 29184K, 68% used [0x00000000fc600000,0x00000000fd963c20,0x00000000fe280000)
  to   space 29184K, 0% used [0x00000000fe280000,0x00000000fe280000,0x00000000fff00000)
 ParOldGen       total 115200K, used 91538K [0x00000000a0200000, 0x00000000a7280000, 0x00000000e0100000)
  object space 115200K, 79% used [0x00000000a0200000,0x00000000a5b64b18,0x00000000a7280000)
 Metaspace       used 99264K, capacity 104211K, committed 104448K, reserved 1140736K
  class space    used 11828K, capacity 12755K, committed 12800K, reserved 1048576K
Event: 1385.274 GC heap after
Heap after GC invocations=39 (full 9):
 PSYoungGen      total 493056K, used 20266K [0x00000000e0100000, 0x0000000100000000, 0x0000000100000000)
  eden space 463872K, 0% used [0x00000000e0100000,0x00000000e0100000,0x00000000fc600000)
  from space 29184K, 69% used [0x00000000fe280000,0x00000000ff64aab8,0x00000000fff00000)
  to   space 29184K, 0% used [0x00000000fc600000,0x00000000fc600000,0x00000000fe280000)
 ParOldGen       total 115200K, used 91546K [0x00000000a0200000, 0x00000000a7280000, 0x00000000e0100000)
  object space 115200K, 79% used [0x00000000a0200000,0x00000000a5b66b18,0x00000000a7280000)
 Metaspace       used 99264K, capacity 104211K, committed 104448K, reserved 1140736K
  class space    used 11828K, capacity 12755K, committed 12800K, reserved 1048576K
}
Event: 1747.745 GC heap before
{Heap before GC invocations=40 (full 9):
 PSYoungGen      total 493056K, used 338306K [0x00000000e0100000, 0x0000000100000000, 0x0000000100000000)
  eden space 463872K, 68% used [0x00000000e0100000,0x00000000f3795e40,0x00000000fc600000)
  from space 29184K, 69% used [0x00000000fe280000,0x00000000ff64aab8,0x00000000fff00000)
  to   space 29184K, 0% used [0x00000000fc600000,0x00000000fc600000,0x00000000fe280000)
 ParOldGen       total 115200K, used 91546K [0x00000000a0200000, 0x00000000a7280000, 0x00000000e0100000)
  object space 115200K, 79% used [0x00000000a0200000,0x00000000a5b66b18,0x00000000a7280000)
 Metaspace       used 99307K, capacity 104281K, committed 104448K, reserved 1140736K
  class space    used 11834K, capacity 12757K, committed 12800K, reserved 1048576K
Event: 1747.774 GC heap after
Heap after GC invocations=40 (full 9):
 PSYoungGen      total 493056K, used 12818K [0x00000000e0100000, 0x00000000fff00000, 0x0000000100000000)
  eden space 463872K, 0% used [0x00000000e0100000,0x00000000e0100000,0x00000000fc600000)
  from space 29184K, 43% used [0x00000000fc600000,0x00000000fd284a00,0x00000000fe280000)
  to   space 28672K, 0% used [0x00000000fe300000,0x00000000fe300000,0x00000000fff00000)
 ParOldGen       total 115200K, used 91554K [0x00000000a0200000, 0x00000000a7280000, 0x00000000e0100000)
  object space 115200K, 79% used [0x00000000a0200000,0x00000000a5b68b18,0x00000000a7280000)
 Metaspace       used 99307K, capacity 104281K, committed 104448K, reserved 1140736K
  class space    used 11834K, capacity 12757K, committed 12800K, reserved 1048576K
}
Event: 1747.774 GC heap before
{Heap before GC invocations=41 (full 10):
 PSYoungGen      total 493056K, used 12818K [0x00000000e0100000, 0x00000000fff00000, 0x0000000100000000)
  eden space 463872K, 0% used [0x00000000e0100000,0x00000000e0100000,0x00000000fc600000)
  from space 29184K, 43% used [0x00000000fc600000,0x00000000fd284a00,0x00000000fe280000)
  to   space 28672K, 0% used [0x00000000fe300000,0x00000000fe300000,0x00000000fff00000)
 ParOldGen       total 115200K, used 91554K [0x00000000a0200000, 0x00000000a7280000, 0x00000000e0100000)
  object space 115200K, 79% used [0x00000000a0200000,0x00000000a5b68b18,0x00000000a7280000)
 Metaspace       used 99307K, capacity 104281K, committed 104448K, reserved 1140736K
  class space    used 11834K, capacity 12757K, committed 12800K, reserved 1048576K
Event: 1748.732 GC heap after
Heap after GC invocations=41 (full 10):
 PSYoungGen      total 493056K, used 0K [0x00000000e0100000, 0x00000000fff00000, 0x0000000100000000)
  eden space 463872K, 0% used [0x00000000e0100000,0x00000000e0100000,0x00000000fc600000)
  from space 29184K, 0% used [0x00000000fc600000,0x00000000fc600000,0x00000000fe280000)
  to   space 28672K, 0% used [0x00000000fe300000,0x00000000fe300000,0x00000000fff00000)
 ParOldGen       total 115200K, used 90482K [0x00000000a0200000, 0x00000000a7280000, 0x00000000e0100000)
  object space 115200K, 78% used [0x00000000a0200000,0x00000000a5a5cae0,0x00000000a7280000)
 Metaspace       used 99178K, capacity 104071K, committed 104448K, reserved 1140736K
  class space    used 11812K, capacity 12715K, committed 12800K, reserved 1048576K
}
Event: 1759.825 GC heap before
{Heap before GC invocations=42 (full 10):
 PSYoungGen      total 493056K, used 463872K [0x00000000e0100000, 0x00000000fff00000, 0x0000000100000000)
  eden space 463872K, 100% used [0x00000000e0100000,0x00000000fc600000,0x00000000fc600000)
  from space 29184K, 0% used [0x00000000fc600000,0x00000000fc600000,0x00000000fe280000)
  to   space 28672K, 0% used [0x00000000fe300000,0x00000000fe300000,0x00000000fff00000)
 ParOldGen       total 115200K, used 90482K [0x00000000a0200000, 0x00000000a7280000, 0x00000000e0100000)
  object space 115200K, 78% used [0x00000000a0200000,0x00000000a5a5cae0,0x00000000a7280000)
 Metaspace       used 102618K, capacity 107661K, committed 107776K, reserved 1144832K
  class space    used 12127K, capacity 13056K, committed 13056K, reserved 1048576K
Event: 1759.893 GC heap after
Heap after GC invocations=42 (full 10):
 PSYoungGen      total 493568K, used 19956K [0x00000000e0100000, 0x00000000fff80000, 0x0000000100000000)
  eden space 464896K, 0% used [0x00000000e0100000,0x00000000e0100000,0x00000000fc700000)
  from space 28672K, 69% used [0x00000000fe300000,0x00000000ff67d1d8,0x00000000fff00000)
  to   space 28672K, 0% used [0x00000000fc700000,0x00000000fc700000,0x00000000fe300000)
 ParOldGen       total 115200K, used 90490K [0x00000000a0200000, 0x00000000a7280000, 0x00000000e0100000)
  object space 115200K, 78% used [0x00000000a0200000,0x00000000a5a5eae0,0x00000000a7280000)
 Metaspace       used 102618K, capacity 107661K, committed 107776K, reserved 1144832K
  class space    used 12127K, capacity 13056K, committed 13056K, reserved 1048576K
}
Event: 1841.406 GC heap before
{Heap before GC invocations=43 (full 10):
 PSYoungGen      total 493568K, used 484852K [0x00000000e0100000, 0x00000000fff80000, 0x0000000100000000)
  eden space 464896K, 100% used [0x00000000e0100000,0x00000000fc700000,0x00000000fc700000)
  from space 28672K, 69% used [0x00000000fe300000,0x00000000ff67d1d8,0x00000000fff00000)
  to   space 28672K, 0% used [0x00000000fc700000,0x00000000fc700000,0x00000000fe300000)
 ParOldGen       total 115200K, used 90490K [0x00000000a0200000, 0x00000000a7280000, 0x00000000e0100000)
  object space 115200K, 78% used [0x00000000a0200000,0x00000000a5a5eae0,0x00000000a7280000)
 Metaspace       used 103726K, capacity 108779K, committed 108928K, reserved 1144832K
  class space    used 12198K, capacity 13125K, committed 13184K, reserved 1048576K
Event: 1841.454 GC heap after
Heap after GC invocations=43 (full 10):
 PSYoungGen      total 493568K, used 19642K [0x00000000e0100000, 0x0000000100000000, 0x0000000100000000)
  eden space 464896K, 0% used [0x00000000e0100000,0x00000000e0100000,0x00000000fc700000)
  from space 28672K, 68% used [0x00000000fc700000,0x00000000fda2e840,0x00000000fe300000)
  to   space 28672K, 0% used [0x00000000fe400000,0x00000000fe400000,0x0000000100000000)
 ParOldGen       total 115200K, used 90498K [0x00000000a0200000, 0x00000000a7280000, 0x00000000e0100000)
  object space 115200K, 78% used [0x00000000a0200000,0x00000000a5a60ae0,0x00000000a7280000)
 Metaspace       used 103726K, capacity 108779K, committed 108928K, reserved 1144832K
  class space    used 12198K, capacity 13125K, committed 13184K, reserved 1048576K
}

