# JRE version: Java(TM) SE Runtime Environment (8.0_101-b13) (build 1.8.0_101-b13)
# Java VM: Java HotSpot(TM) 64-Bit Server VM (25.101-b13 mixed mode windows-amd64 compressed oops)
Heap:
 PSYoungGen      total 492032K, used 35957K [0x00000000e0100000, 0x0000000100000000, 0x0000000100000000)
  eden space 461824K, 3% used [0x00000000e0100000,0x00000000e0fcbc10,0x00000000fc400000)
  from space 30208K, 68% used [0x00000000fc400000,0x00000000fd851808,0x00000000fe180000)
  to   space 30720K, 0% used [0x00000000fe200000,0x00000000fe200000,0x0000000100000000)
 ParOldGen       total 105472K, used 75753K [0x00000000a0200000, 0x00000000a6900000, 0x00000000e0100000)
  object space 105472K, 71% used [0x00000000a0200000,0x00000000a4bfa678,0x00000000a6900000)
 Metaspace       used 100520K, capacity 106492K, committed 106624K, reserved 1142784K
  class space    used 12406K, capacity 13419K, committed 13440K, reserved 1048576K
GC Heap History (10 events):
Event: 716.271 GC heap before
{Heap before GC invocations=30 (full 6):
 PSYoungGen      total 482304K, used 482151K [0x00000000e0100000, 0x0000000100000000, 0x0000000100000000)
  eden space 461824K, 100% used [0x00000000e0100000,0x00000000fc400000,0x00000000fc400000)
  from space 20480K, 99% used [0x00000000fc400000,0x00000000fd7d9d90,0x00000000fd800000)
  to   space 31232K, 0% used [0x00000000fe180000,0x00000000fe180000,0x0000000100000000)
 ParOldGen       total 105472K, used 64968K [0x00000000a0200000, 0x00000000a6900000, 0x00000000e0100000)
  object space 105472K, 61% used [0x00000000a0200000,0x00000000a4172118,0x00000000a6900000)
 Metaspace       used 94486K, capacity 100116K, committed 100224K, reserved 1136640K
  class space    used 11897K, capacity 12842K, committed 12928K, reserved 1048576K
Event: 716.357 GC heap after
Heap after GC invocations=30 (full 6):
 PSYoungGen      total 492032K, used 20454K [0x00000000e0100000, 0x0000000100000000, 0x0000000100000000)
  eden space 460800K, 0% used [0x00000000e0100000,0x00000000e0100000,0x00000000fc300000)
  from space 31232K, 65% used [0x00000000fe180000,0x00000000ff579808,0x0000000100000000)
  to   space 31232K, 0% used [0x00000000fc300000,0x00000000fc300000,0x00000000fe180000)
 ParOldGen       total 105472K, used 64976K [0x00000000a0200000, 0x00000000a6900000, 0x00000000e0100000)
  object space 105472K, 61% used [0x00000000a0200000,0x00000000a4174118,0x00000000a6900000)
 Metaspace       used 94486K, capacity 100116K, committed 100224K, reserved 1136640K
  class space    used 11897K, capacity 12842K, committed 12928K, reserved 1048576K
}
Event: 862.477 GC heap before
{Heap before GC invocations=31 (full 6):
 PSYoungGen      total 492032K, used 244140K [0x00000000e0100000, 0x0000000100000000, 0x0000000100000000)
  eden space 460800K, 48% used [0x00000000e0100000,0x00000000edb719d0,0x00000000fc300000)
  from space 31232K, 65% used [0x00000000fe180000,0x00000000ff579808,0x0000000100000000)
  to   space 31232K, 0% used [0x00000000fc300000,0x00000000fc300000,0x00000000fe180000)
 ParOldGen       total 105472K, used 64976K [0x00000000a0200000, 0x00000000a6900000, 0x00000000e0100000)
  object space 105472K, 61% used [0x00000000a0200000,0x00000000a4174118,0x00000000a6900000)
 Metaspace       used 95771K, capacity 101710K, committed 101888K, reserved 1138688K
  class space    used 12025K, capacity 13024K, committed 13056K, reserved 1048576K
Event: 862.512 GC heap after
Heap after GC invocations=31 (full 6):
 PSYoungGen      total 492032K, used 14989K [0x00000000e0100000, 0x0000000100000000, 0x0000000100000000)
  eden space 460800K, 0% used [0x00000000e0100000,0x00000000e0100000,0x00000000fc300000)
  from space 31232K, 47% used [0x00000000fc300000,0x00000000fd1a35b0,0x00000000fe180000)
  to   space 30208K, 0% used [0x00000000fe280000,0x00000000fe280000,0x0000000100000000)
 ParOldGen       total 105472K, used 64976K [0x00000000a0200000, 0x00000000a6900000, 0x00000000e0100000)
  object space 105472K, 61% used [0x00000000a0200000,0x00000000a4174118,0x00000000a6900000)
 Metaspace       used 95771K, capacity 101710K, committed 101888K, reserved 1138688K
  class space    used 12025K, capacity 13024K, committed 13056K, reserved 1048576K
}
Event: 862.512 GC heap before
{Heap before GC invocations=32 (full 7):
 PSYoungGen      total 492032K, used 14989K [0x00000000e0100000, 0x0000000100000000, 0x0000000100000000)
  eden space 460800K, 0% used [0x00000000e0100000,0x00000000e0100000,0x00000000fc300000)
  from space 31232K, 47% used [0x00000000fc300000,0x00000000fd1a35b0,0x00000000fe180000)
  to   space 30208K, 0% used [0x00000000fe280000,0x00000000fe280000,0x0000000100000000)
 ParOldGen       total 105472K, used 64976K [0x00000000a0200000, 0x00000000a6900000, 0x00000000e0100000)
  object space 105472K, 61% used [0x00000000a0200000,0x00000000a4174118,0x00000000a6900000)
 Metaspace       used 95771K, capacity 101710K, committed 101888K, reserved 1138688K
  class space    used 12025K, capacity 13024K, committed 13056K, reserved 1048576K
Event: 863.188 GC heap after
Heap after GC invocations=32 (full 7):
 PSYoungGen      total 492032K, used 0K [0x00000000e0100000, 0x0000000100000000, 0x0000000100000000)
  eden space 460800K, 0% used [0x00000000e0100000,0x00000000e0100000,0x00000000fc300000)
  from space 31232K, 0% used [0x00000000fc300000,0x00000000fc300000,0x00000000fe180000)
  to   space 30208K, 0% used [0x00000000fe280000,0x00000000fe280000,0x0000000100000000)
 ParOldGen       total 105472K, used 75737K [0x00000000a0200000, 0x00000000a6900000, 0x00000000e0100000)
  object space 105472K, 71% used [0x00000000a0200000,0x00000000a4bf6678,0x00000000a6900000)
 Metaspace       used 95768K, capacity 101704K, committed 101888K, reserved 1138688K
  class space    used 12024K, capacity 13023K, committed 13056K, reserved 1048576K
}
Event: 869.588 GC heap before
{Heap before GC invocations=33 (full 7):
 PSYoungGen      total 492032K, used 460800K [0x00000000e0100000, 0x0000000100000000, 0x0000000100000000)
  eden space 460800K, 100% used [0x00000000e0100000,0x00000000fc300000,0x00000000fc300000)
  from space 31232K, 0% used [0x00000000fc300000,0x00000000fc300000,0x00000000fe180000)
  to   space 30208K, 0% used [0x00000000fe280000,0x00000000fe280000,0x0000000100000000)
 ParOldGen       total 105472K, used 75737K [0x00000000a0200000, 0x00000000a6900000, 0x00000000e0100000)
  object space 105472K, 71% used [0x00000000a0200000,0x00000000a4bf6678,0x00000000a6900000)
 Metaspace       used 99350K, capacity 105328K, committed 105600K, reserved 1140736K
  class space    used 12333K, capacity 13353K, committed 13440K, reserved 1048576K
Event: 869.651 GC heap after
Heap after GC invocations=33 (full 7):
 PSYoungGen      total 491008K, used 20253K [0x00000000e0100000, 0x00000000fff00000, 0x0000000100000000)
  eden space 461824K, 0% used [0x00000000e0100000,0x00000000e0100000,0x00000000fc400000)
  from space 29184K, 69% used [0x00000000fe280000,0x00000000ff647630,0x00000000fff00000)
  to   space 30208K, 0% used [0x00000000fc400000,0x00000000fc400000,0x00000000fe180000)
 ParOldGen       total 105472K, used 75745K [0x00000000a0200000, 0x00000000a6900000, 0x00000000e0100000)
  object space 105472K, 71% used [0x00000000a0200000,0x00000000a4bf8678,0x00000000a6900000)
 Metaspace       used 99350K, capacity 105328K, committed 105600K, reserved 1140736K
  class space    used 12333K, capacity 13353K, committed 13440K, reserved 1048576K
}
Event: 875.923 GC heap before
{Heap before GC invocations=34 (full 7):
 PSYoungGen      total 491008K, used 482077K [0x00000000e0100000, 0x00000000fff00000, 0x0000000100000000)
  eden space 461824K, 100% used [0x00000000e0100000,0x00000000fc400000,0x00000000fc400000)
  from space 29184K, 69% used [0x00000000fe280000,0x00000000ff647630,0x00000000fff00000)
  to   space 30208K, 0% used [0x00000000fc400000,0x00000000fc400000,0x00000000fe180000)
 ParOldGen       total 105472K, used 75745K [0x00000000a0200000, 0x00000000a6900000, 0x00000000e0100000)
  object space 105472K, 71% used [0x00000000a0200000,0x00000000a4bf8678,0x00000000a6900000)
 Metaspace       used 100520K, capacity 106492K, committed 106624K, reserved 1142784K
  class space    used 12406K, capacity 13419K, committed 13440K, reserved 1048576K
Event: 875.983 GC heap after
Heap after GC invocations=34 (full 7):
 PSYoungGen      total 492032K, used 20806K [0x00000000e0100000, 0x0000000100000000, 0x0000000100000000)
  eden space 461824K, 0% used [0x00000000e0100000,0x00000000e0100000,0x00000000fc400000)
  from space 30208K, 68% used [0x00000000fc400000,0x00000000fd851808,0x00000000fe180000)
  to   space 30720K, 0% used [0x00000000fe200000,0x00000000fe200000,0x0000000100000000)
 ParOldGen       total 105472K, used 75753K [0x00000000a0200000, 0x00000000a6900000, 0x00000000e0100000)
  object space 105472K, 71% used [0x00000000a0200000,0x00000000a4bfa678,0x00000000a6900000)
 Metaspace       used 100520K, capacity 106492K, committed 106624K, reserved 1142784K
  class space    used 12406K, capacity 13419K, committed 13440K, reserved 1048576K
}

