# JRE version: Java(TM) SE Runtime Environment (8.0_101-b13) (build 1.8.0_101-b13)
# Java VM: Java HotSpot(TM) 64-Bit Server VM (25.101-b13 mixed mode windows-amd64 compressed oops)
Heap:
 PSYoungGen      total 297472K, used 109200K [0x00000000e0100000, 0x00000000f4480000, 0x0000000100000000)
  eden space 272384K, 34% used [0x00000000e0100000,0x00000000e5c7e578,0x00000000f0b00000)
  from space 25088K, 61% used [0x00000000f0b00000,0x00000000f1a25b40,0x00000000f2380000)
  to   space 25600K, 0% used [0x00000000f2b80000,0x00000000f2b80000,0x00000000f4480000)
 ParOldGen       total 105472K, used 30454K [0x00000000a0200000, 0x00000000a6900000, 0x00000000e0100000)
  object space 105472K, 28% used [0x00000000a0200000,0x00000000a1fbd8e8,0x00000000a6900000)
 Metaspace       used 80382K, capacity 86066K, committed 86656K, reserved 1124352K
  class space    used 10818K, capacity 11796K, committed 11904K, reserved 1048576K
GC Heap History (10 events):
Event: 6279.162 GC heap before
{Heap before GC invocations=36 (full 4):
 PSYoungGen      total 281600K, used 76694K [0x00000000e0100000, 0x00000000f3180000, 0x0000000100000000)
  eden space 265728K, 23% used [0x00000000e0100000,0x00000000e3cc1ac0,0x00000000f0480000)
  from space 15872K, 97% used [0x00000000f0980000,0x00000000f18a4020,0x00000000f1900000)
  to   space 23040K, 0% used [0x00000000f1b00000,0x00000000f1b00000,0x00000000f3180000)
 ParOldGen       total 105472K, used 33049K [0x00000000a0200000, 0x00000000a6900000, 0x00000000e0100000)
  object space 105472K, 31% used [0x00000000a0200000,0x00000000a2246618,0x00000000a6900000)
 Metaspace       used 77307K, capacity 83322K, committed 83584K, reserved 1122304K
  class space    used 10597K, capacity 11597K, committed 11648K, reserved 1048576K
Event: 6279.199 GC heap after
Heap after GC invocations=36 (full 4):
 PSYoungGen      total 287744K, used 14976K [0x00000000e0100000, 0x00000000f3380000, 0x0000000100000000)
  eden space 264704K, 0% used [0x00000000e0100000,0x00000000e0100000,0x00000000f0380000)
  from space 23040K, 65% used [0x00000000f1b00000,0x00000000f29a0010,0x00000000f3180000)
  to   space 24064K, 0% used [0x00000000f0380000,0x00000000f0380000,0x00000000f1b00000)
 ParOldGen       total 105472K, used 33049K [0x00000000a0200000, 0x00000000a6900000, 0x00000000e0100000)
  object space 105472K, 31% used [0x00000000a0200000,0x00000000a2246618,0x00000000a6900000)
 Metaspace       used 77307K, capacity 83322K, committed 83584K, reserved 1122304K
  class space    used 10597K, capacity 11597K, committed 11648K, reserved 1048576K
}
Event: 6279.199 GC heap before
{Heap before GC invocations=37 (full 5):
 PSYoungGen      total 287744K, used 14976K [0x00000000e0100000, 0x00000000f3380000, 0x0000000100000000)
  eden space 264704K, 0% used [0x00000000e0100000,0x00000000e0100000,0x00000000f0380000)
  from space 23040K, 65% used [0x00000000f1b00000,0x00000000f29a0010,0x00000000f3180000)
  to   space 24064K, 0% used [0x00000000f0380000,0x00000000f0380000,0x00000000f1b00000)
 ParOldGen       total 105472K, used 33049K [0x00000000a0200000, 0x00000000a6900000, 0x00000000e0100000)
  object space 105472K, 31% used [0x00000000a0200000,0x00000000a2246618,0x00000000a6900000)
 Metaspace       used 77307K, capacity 83322K, committed 83584K, reserved 1122304K
  class space    used 10597K, capacity 11597K, committed 11648K, reserved 1048576K
Event: 6279.599 GC heap after
Heap after GC invocations=37 (full 5):
 PSYoungGen      total 287744K, used 0K [0x00000000e0100000, 0x00000000f3380000, 0x0000000100000000)
  eden space 264704K, 0% used [0x00000000e0100000,0x00000000e0100000,0x00000000f0380000)
  from space 23040K, 0% used [0x00000000f1b00000,0x00000000f1b00000,0x00000000f3180000)
  to   space 24064K, 0% used [0x00000000f0380000,0x00000000f0380000,0x00000000f1b00000)
 ParOldGen       total 105472K, used 30430K [0x00000000a0200000, 0x00000000a6900000, 0x00000000e0100000)
  object space 105472K, 28% used [0x00000000a0200000,0x00000000a1fb78e8,0x00000000a6900000)
 Metaspace       used 77031K, capacity 82530K, committed 83584K, reserved 1122304K
  class space    used 10524K, capacity 11464K, committed 11648K, reserved 1048576K
}
Event: 6283.324 GC heap before
{Heap before GC invocations=38 (full 5):
 PSYoungGen      total 287744K, used 264704K [0x00000000e0100000, 0x00000000f3380000, 0x0000000100000000)
  eden space 264704K, 100% used [0x00000000e0100000,0x00000000f0380000,0x00000000f0380000)
  from space 23040K, 0% used [0x00000000f1b00000,0x00000000f1b00000,0x00000000f3180000)
  to   space 24064K, 0% used [0x00000000f0380000,0x00000000f0380000,0x00000000f1b00000)
 ParOldGen       total 105472K, used 30430K [0x00000000a0200000, 0x00000000a6900000, 0x00000000e0100000)
  object space 105472K, 28% used [0x00000000a0200000,0x00000000a1fb78e8,0x00000000a6900000)
 Metaspace       used 79329K, capacity 85034K, committed 85888K, reserved 1124352K
  class space    used 10746K, capacity 11720K, committed 11904K, reserved 1048576K
Event: 6283.356 GC heap after
Heap after GC invocations=38 (full 5):
 PSYoungGen      total 288768K, used 13821K [0x00000000e0100000, 0x00000000f3b00000, 0x0000000100000000)
  eden space 264704K, 0% used [0x00000000e0100000,0x00000000e0100000,0x00000000f0380000)
  from space 24064K, 57% used [0x00000000f0380000,0x00000000f10ff660,0x00000000f1b00000)
  to   space 24064K, 0% used [0x00000000f2380000,0x00000000f2380000,0x00000000f3b00000)
 ParOldGen       total 105472K, used 30438K [0x00000000a0200000, 0x00000000a6900000, 0x00000000e0100000)
  object space 105472K, 28% used [0x00000000a0200000,0x00000000a1fb98e8,0x00000000a6900000)
 Metaspace       used 79329K, capacity 85034K, committed 85888K, reserved 1124352K
  class space    used 10746K, capacity 11720K, committed 11904K, reserved 1048576K
}
Event: 6286.969 GC heap before
{Heap before GC invocations=39 (full 5):
 PSYoungGen      total 288768K, used 278525K [0x00000000e0100000, 0x00000000f3b00000, 0x0000000100000000)
  eden space 264704K, 100% used [0x00000000e0100000,0x00000000f0380000,0x00000000f0380000)
  from space 24064K, 57% used [0x00000000f0380000,0x00000000f10ff660,0x00000000f1b00000)
  to   space 24064K, 0% used [0x00000000f2380000,0x00000000f2380000,0x00000000f3b00000)
 ParOldGen       total 105472K, used 30438K [0x00000000a0200000, 0x00000000a6900000, 0x00000000e0100000)
  object space 105472K, 28% used [0x00000000a0200000,0x00000000a1fb98e8,0x00000000a6900000)
 Metaspace       used 79837K, capacity 85510K, committed 86144K, reserved 1124352K
  class space    used 10785K, capacity 11762K, committed 11904K, reserved 1048576K
Event: 6287.006 GC heap after
Heap after GC invocations=39 (full 5):
 PSYoungGen      total 296448K, used 16075K [0x00000000e0100000, 0x00000000f3f80000, 0x0000000100000000)
  eden space 272384K, 0% used [0x00000000e0100000,0x00000000e0100000,0x00000000f0b00000)
  from space 24064K, 66% used [0x00000000f2380000,0x00000000f3332fd8,0x00000000f3b00000)
  to   space 25088K, 0% used [0x00000000f0b00000,0x00000000f0b00000,0x00000000f2380000)
 ParOldGen       total 105472K, used 30446K [0x00000000a0200000, 0x00000000a6900000, 0x00000000e0100000)
  object space 105472K, 28% used [0x00000000a0200000,0x00000000a1fbb8e8,0x00000000a6900000)
 Metaspace       used 79837K, capacity 85510K, committed 86144K, reserved 1124352K
  class space    used 10785K, capacity 11762K, committed 11904K, reserved 1048576K
}
Event: 6550.827 GC heap before
{Heap before GC invocations=40 (full 5):
 PSYoungGen      total 296448K, used 288459K [0x00000000e0100000, 0x00000000f3f80000, 0x0000000100000000)
  eden space 272384K, 100% used [0x00000000e0100000,0x00000000f0b00000,0x00000000f0b00000)
  from space 24064K, 66% used [0x00000000f2380000,0x00000000f3332fd8,0x00000000f3b00000)
  to   space 25088K, 0% used [0x00000000f0b00000,0x00000000f0b00000,0x00000000f2380000)
 ParOldGen       total 105472K, used 30446K [0x00000000a0200000, 0x00000000a6900000, 0x00000000e0100000)
  object space 105472K, 28% used [0x00000000a0200000,0x00000000a1fbb8e8,0x00000000a6900000)
 Metaspace       used 80334K, capacity 86066K, committed 86656K, reserved 1124352K
  class space    used 10817K, capacity 11796K, committed 11904K, reserved 1048576K
Event: 6550.860 GC heap after
Heap after GC invocations=40 (full 5):
 PSYoungGen      total 297472K, used 15510K [0x00000000e0100000, 0x00000000f4480000, 0x0000000100000000)
  eden space 272384K, 0% used [0x00000000e0100000,0x00000000e0100000,0x00000000f0b00000)
  from space 25088K, 61% used [0x00000000f0b00000,0x00000000f1a25b40,0x00000000f2380000)
  to   space 25600K, 0% used [0x00000000f2b80000,0x00000000f2b80000,0x00000000f4480000)
 ParOldGen       total 105472K, used 30454K [0x00000000a0200000, 0x00000000a6900000, 0x00000000e0100000)
  object space 105472K, 28% used [0x00000000a0200000,0x00000000a1fbd8e8,0x00000000a6900000)
 Metaspace       used 80334K, capacity 86066K, committed 86656K, reserved 1124352K
  class space    used 10817K, capacity 11796K, committed 11904K, reserved 1048576K
}

