# JRE version: Java(TM) SE Runtime Environment (8.0_101-b13) (build 1.8.0_101-b13)
# Java VM: Java HotSpot(TM) 64-Bit Server VM (25.101-b13 mixed mode windows-amd64 compressed oops)
Heap:
 PSYoungGen      total 90112K, used 1584K [0x00000000e0100000, 0x00000000ebb80000, 0x0000000100000000)
  eden space 87552K, 1% used [0x00000000e0100000,0x00000000e028c300,0x00000000e5680000)
  from space 2560K, 0% used [0x00000000eb900000,0x00000000eb900000,0x00000000ebb80000)
  to   space 15360K, 0% used [0x00000000e9d80000,0x00000000e9d80000,0x00000000eac80000)
 ParOldGen       total 39936K, used 18818K [0x00000000a0200000, 0x00000000a2900000, 0x00000000e0100000)
  object space 39936K, 47% used [0x00000000a0200000,0x00000000a1460878,0x00000000a2900000)
 Metaspace       used 31985K, capacity 33730K, committed 34048K, reserved 1081344K
  class space    used 4202K, capacity 4511K, committed 4608K, reserved 1048576K
GC Heap History (10 events):
Event: 137.132 GC heap before
{Heap before GC invocations=8 (full 1):
 PSYoungGen      total 107008K, used 97792K [0x00000000e0100000, 0x00000000e7400000, 0x0000000100000000)
  eden space 97792K, 100% used [0x00000000e0100000,0x00000000e6080000,0x00000000e6080000)
  from space 9216K, 0% used [0x00000000e6a00000,0x00000000e6a00000,0x00000000e7300000)
  to   space 9728K, 0% used [0x00000000e6080000,0x00000000e6080000,0x00000000e6a00000)
 ParOldGen       total 39936K, used 8065K [0x00000000a0200000, 0x00000000a2900000, 0x00000000e0100000)
  object space 39936K, 20% used [0x00000000a0200000,0x00000000a09e0748,0x00000000a2900000)
 Metaspace       used 21664K, capacity 22364K, committed 22400K, reserved 1069056K
  class space    used 2729K, capacity 2927K, committed 2944K, reserved 1048576K
Event: 137.149 GC heap after
Heap after GC invocations=8 (full 1):
 PSYoungGen      total 107520K, used 6753K [0x00000000e0100000, 0x00000000ec480000, 0x0000000100000000)
  eden space 97792K, 0% used [0x00000000e0100000,0x00000000e0100000,0x00000000e6080000)
  from space 9728K, 69% used [0x00000000e6080000,0x00000000e6718408,0x00000000e6a00000)
  to   space 9728K, 0% used [0x00000000ebb00000,0x00000000ebb00000,0x00000000ec480000)
 ParOldGen       total 39936K, used 8065K [0x00000000a0200000, 0x00000000a2900000, 0x00000000e0100000)
  object space 39936K, 20% used [0x00000000a0200000,0x00000000a09e0748,0x00000000a2900000)
 Metaspace       used 21664K, capacity 22364K, committed 22400K, reserved 1069056K
  class space    used 2729K, capacity 2927K, committed 2944K, reserved 1048576K
}
Event: 170.451 GC heap before
{Heap before GC invocations=9 (full 1):
 PSYoungGen      total 107520K, used 104545K [0x00000000e0100000, 0x00000000ec480000, 0x0000000100000000)
  eden space 97792K, 100% used [0x00000000e0100000,0x00000000e6080000,0x00000000e6080000)
  from space 9728K, 69% used [0x00000000e6080000,0x00000000e6718408,0x00000000e6a00000)
  to   space 9728K, 0% used [0x00000000ebb00000,0x00000000ebb00000,0x00000000ec480000)
 ParOldGen       total 39936K, used 8065K [0x00000000a0200000, 0x00000000a2900000, 0x00000000e0100000)
  object space 39936K, 20% used [0x00000000a0200000,0x00000000a09e0748,0x00000000a2900000)
 Metaspace       used 25477K, capacity 26428K, committed 26624K, reserved 1073152K
  class space    used 3315K, capacity 3548K, committed 3584K, reserved 1048576K
Event: 170.536 GC heap after
Heap after GC invocations=9 (full 1):
 PSYoungGen      total 103936K, used 9712K [0x00000000e0100000, 0x00000000ec480000, 0x0000000100000000)
  eden space 94208K, 0% used [0x00000000e0100000,0x00000000e0100000,0x00000000e5d00000)
  from space 9728K, 99% used [0x00000000ebb00000,0x00000000ec47c038,0x00000000ec480000)
  to   space 11776K, 0% used [0x00000000ead80000,0x00000000ead80000,0x00000000eb900000)
 ParOldGen       total 39936K, used 9318K [0x00000000a0200000, 0x00000000a2900000, 0x00000000e0100000)
  object space 39936K, 23% used [0x00000000a0200000,0x00000000a0b19b08,0x00000000a2900000)
 Metaspace       used 25477K, capacity 26428K, committed 26624K, reserved 1073152K
  class space    used 3315K, capacity 3548K, committed 3584K, reserved 1048576K
}
Event: 196.382 GC heap before
{Heap before GC invocations=10 (full 1):
 PSYoungGen      total 103936K, used 103920K [0x00000000e0100000, 0x00000000ec480000, 0x0000000100000000)
  eden space 94208K, 100% used [0x00000000e0100000,0x00000000e5d00000,0x00000000e5d00000)
  from space 9728K, 99% used [0x00000000ebb00000,0x00000000ec47c038,0x00000000ec480000)
  to   space 11776K, 0% used [0x00000000ead80000,0x00000000ead80000,0x00000000eb900000)
 ParOldGen       total 39936K, used 9318K [0x00000000a0200000, 0x00000000a2900000, 0x00000000e0100000)
  object space 39936K, 23% used [0x00000000a0200000,0x00000000a0b19b08,0x00000000a2900000)
 Metaspace       used 29767K, capacity 31244K, committed 31488K, reserved 1077248K
  class space    used 3953K, capacity 4252K, committed 4352K, reserved 1048576K
Event: 196.551 GC heap after
Heap after GC invocations=10 (full 1):
 PSYoungGen      total 102400K, used 11755K [0x00000000e0100000, 0x00000000ebb80000, 0x0000000100000000)
  eden space 90624K, 0% used [0x00000000e0100000,0x00000000e0100000,0x00000000e5980000)
  from space 11776K, 99% used [0x00000000ead80000,0x00000000eb8fafa8,0x00000000eb900000)
  to   space 2560K, 0% used [0x00000000eb900000,0x00000000eb900000,0x00000000ebb80000)
 ParOldGen       total 39936K, used 10493K [0x00000000a0200000, 0x00000000a2900000, 0x00000000e0100000)
  object space 39936K, 26% used [0x00000000a0200000,0x00000000a0c3f548,0x00000000a2900000)
 Metaspace       used 29767K, capacity 31244K, committed 31488K, reserved 1077248K
  class space    used 3953K, capacity 4252K, committed 4352K, reserved 1048576K
}
Event: 252.977 GC heap before
{Heap before GC invocations=11 (full 1):
 PSYoungGen      total 102400K, used 69153K [0x00000000e0100000, 0x00000000ebb80000, 0x0000000100000000)
  eden space 90624K, 63% used [0x00000000e0100000,0x00000000e390d7d0,0x00000000e5980000)
  from space 11776K, 99% used [0x00000000ead80000,0x00000000eb8fafa8,0x00000000eb900000)
  to   space 2560K, 0% used [0x00000000eb900000,0x00000000eb900000,0x00000000ebb80000)
 ParOldGen       total 39936K, used 10493K [0x00000000a0200000, 0x00000000a2900000, 0x00000000e0100000)
  object space 39936K, 26% used [0x00000000a0200000,0x00000000a0c3f548,0x00000000a2900000)
 Metaspace       used 31691K, capacity 33378K, committed 33408K, reserved 1083392K
  class space    used 4174K, capacity 4479K, committed 4480K, reserved 1048576K
Event: 253.297 GC heap after
Heap after GC invocations=11 (full 1):
 PSYoungGen      total 90112K, used 2560K [0x00000000e0100000, 0x00000000ebb80000, 0x0000000100000000)
  eden space 87552K, 0% used [0x00000000e0100000,0x00000000e0100000,0x00000000e5680000)
  from space 2560K, 100% used [0x00000000eb900000,0x00000000ebb80000,0x00000000ebb80000)
  to   space 15360K, 0% used [0x00000000e9d80000,0x00000000e9d80000,0x00000000eac80000)
 ParOldGen       total 39936K, used 20857K [0x00000000a0200000, 0x00000000a2900000, 0x00000000e0100000)
  object space 39936K, 52% used [0x00000000a0200000,0x00000000a165e738,0x00000000a2900000)
 Metaspace       used 31691K, capacity 33378K, committed 33408K, reserved 1083392K
  class space    used 4174K, capacity 4479K, committed 4480K, reserved 1048576K
}
Event: 253.297 GC heap before
{Heap before GC invocations=12 (full 2):
 PSYoungGen      total 90112K, used 2560K [0x00000000e0100000, 0x00000000ebb80000, 0x0000000100000000)
  eden space 87552K, 0% used [0x00000000e0100000,0x00000000e0100000,0x00000000e5680000)
  from space 2560K, 100% used [0x00000000eb900000,0x00000000ebb80000,0x00000000ebb80000)
  to   space 15360K, 0% used [0x00000000e9d80000,0x00000000e9d80000,0x00000000eac80000)
 ParOldGen       total 39936K, used 20857K [0x00000000a0200000, 0x00000000a2900000, 0x00000000e0100000)
  object space 39936K, 52% used [0x00000000a0200000,0x00000000a165e738,0x00000000a2900000)
 Metaspace       used 31691K, capacity 33378K, committed 33408K, reserved 1083392K
  class space    used 4174K, capacity 4479K, committed 4480K, reserved 1048576K
Event: 253.748 GC heap after
Heap after GC invocations=12 (full 2):
 PSYoungGen      total 90112K, used 0K [0x00000000e0100000, 0x00000000ebb80000, 0x0000000100000000)
  eden space 87552K, 0% used [0x00000000e0100000,0x00000000e0100000,0x00000000e5680000)
  from space 2560K, 0% used [0x00000000eb900000,0x00000000eb900000,0x00000000ebb80000)
  to   space 15360K, 0% used [0x00000000e9d80000,0x00000000e9d80000,0x00000000eac80000)
 ParOldGen       total 39936K, used 18818K [0x00000000a0200000, 0x00000000a2900000, 0x00000000e0100000)
  object space 39936K, 47% used [0x00000000a0200000,0x00000000a1460878,0x00000000a2900000)
 Metaspace       used 31691K, capacity 33378K, committed 33408K, reserved 1081344K
  class space    used 4174K, capacity 4479K, committed 4480K, reserved 1048576K
}

