# JRE version: Java(TM) SE Runtime Environment (8.0_101-b13) (build 1.8.0_101-b13)
# Java VM: Java HotSpot(TM) 64-Bit Server VM (25.101-b13 mixed mode windows-amd64 compressed oops)
Heap:
 PSYoungGen      total 70144K, used 1200K [0x00000000e0100000, 0x00000000e5100000, 0x0000000100000000)
  eden space 61440K, 1% used [0x00000000e0100000,0x00000000e022c0a8,0x00000000e3d00000)
  from space 8704K, 0% used [0x00000000e4880000,0x00000000e4880000,0x00000000e5100000)
  to   space 10240K, 0% used [0x00000000e3d00000,0x00000000e3d00000,0x00000000e4700000)
 ParOldGen       total 38400K, used 17605K [0x00000000a0200000, 0x00000000a2780000, 0x00000000e0100000)
  object space 38400K, 45% used [0x00000000a0200000,0x00000000a1331678,0x00000000a2780000)
 Metaspace       used 31740K, capacity 33474K, committed 33792K, reserved 1081344K
  class space    used 4183K, capacity 4511K, committed 4608K, reserved 1048576K
GC Heap History (10 events):
Event: 175.112 GC heap before
{Heap before GC invocations=12 (full 1):
 PSYoungGen      total 54784K, used 48998K [0x00000000e0100000, 0x00000000e5400000, 0x0000000100000000)
  eden space 44032K, 100% used [0x00000000e0100000,0x00000000e2c00000,0x00000000e2c00000)
  from space 10752K, 46% used [0x00000000e3600000,0x00000000e3ad9a00,0x00000000e4080000)
  to   space 10240K, 0% used [0x00000000e2c00000,0x00000000e2c00000,0x00000000e3600000)
 ParOldGen       total 38400K, used 10379K [0x00000000a0200000, 0x00000000a2780000, 0x00000000e0100000)
  object space 38400K, 27% used [0x00000000a0200000,0x00000000a0c22e88,0x00000000a2780000)
 Metaspace       used 26284K, capacity 27342K, committed 27520K, reserved 1073152K
  class space    used 3426K, capacity 3685K, committed 3712K, reserved 1048576K
Event: 175.155 GC heap after
Heap after GC invocations=12 (full 1):
 PSYoungGen      total 54272K, used 3466K [0x00000000e0100000, 0x00000000e5500000, 0x0000000100000000)
  eden space 44032K, 0% used [0x00000000e0100000,0x00000000e0100000,0x00000000e2c00000)
  from space 10240K, 33% used [0x00000000e2c00000,0x00000000e2f62bb8,0x00000000e3600000)
  to   space 10240K, 0% used [0x00000000e4b00000,0x00000000e4b00000,0x00000000e5500000)
 ParOldGen       total 38400K, used 13034K [0x00000000a0200000, 0x00000000a2780000, 0x00000000e0100000)
  object space 38400K, 33% used [0x00000000a0200000,0x00000000a0ebaa38,0x00000000a2780000)
 Metaspace       used 26284K, capacity 27342K, committed 27520K, reserved 1073152K
  class space    used 3426K, capacity 3685K, committed 3712K, reserved 1048576K
}
Event: 176.712 GC heap before
{Heap before GC invocations=13 (full 1):
 PSYoungGen      total 54272K, used 47498K [0x00000000e0100000, 0x00000000e5500000, 0x0000000100000000)
  eden space 44032K, 100% used [0x00000000e0100000,0x00000000e2c00000,0x00000000e2c00000)
  from space 10240K, 33% used [0x00000000e2c00000,0x00000000e2f62bb8,0x00000000e3600000)
  to   space 10240K, 0% used [0x00000000e4b00000,0x00000000e4b00000,0x00000000e5500000)
 ParOldGen       total 38400K, used 13034K [0x00000000a0200000, 0x00000000a2780000, 0x00000000e0100000)
  object space 38400K, 33% used [0x00000000a0200000,0x00000000a0ebaa38,0x00000000a2780000)
 Metaspace       used 27992K, capacity 29146K, committed 29312K, reserved 1075200K
  class space    used 3678K, capacity 3943K, committed 3968K, reserved 1048576K
Event: 176.728 GC heap after
Heap after GC invocations=13 (full 1):
 PSYoungGen      total 74752K, used 3024K [0x00000000e0100000, 0x00000000e5400000, 0x0000000100000000)
  eden space 65536K, 0% used [0x00000000e0100000,0x00000000e0100000,0x00000000e4100000)
  from space 9216K, 32% used [0x00000000e4b00000,0x00000000e4df4288,0x00000000e5400000)
  to   space 9728K, 0% used [0x00000000e4100000,0x00000000e4100000,0x00000000e4a80000)
 ParOldGen       total 38400K, used 14550K [0x00000000a0200000, 0x00000000a2780000, 0x00000000e0100000)
  object space 38400K, 37% used [0x00000000a0200000,0x00000000a1035a88,0x00000000a2780000)
 Metaspace       used 27992K, capacity 29146K, committed 29312K, reserved 1075200K
  class space    used 3678K, capacity 3943K, committed 3968K, reserved 1048576K
}
Event: 225.440 GC heap before
{Heap before GC invocations=14 (full 1):
 PSYoungGen      total 74752K, used 68544K [0x00000000e0100000, 0x00000000e5400000, 0x0000000100000000)
  eden space 65536K, 99% used [0x00000000e0100000,0x00000000e40fbf88,0x00000000e4100000)
  from space 9216K, 32% used [0x00000000e4b00000,0x00000000e4df4288,0x00000000e5400000)
  to   space 9728K, 0% used [0x00000000e4100000,0x00000000e4100000,0x00000000e4a80000)
 ParOldGen       total 38400K, used 14550K [0x00000000a0200000, 0x00000000a2780000, 0x00000000e0100000)
  object space 38400K, 37% used [0x00000000a0200000,0x00000000a1035a88,0x00000000a2780000)
 Metaspace       used 31192K, capacity 32898K, committed 33152K, reserved 1077248K
  class space    used 4133K, capacity 4447K, committed 4480K, reserved 1048576K
Event: 225.468 GC heap after
Heap after GC invocations=14 (full 1):
 PSYoungGen      total 69632K, used 5762K [0x00000000e0100000, 0x00000000e5200000, 0x0000000100000000)
  eden space 63488K, 0% used [0x00000000e0100000,0x00000000e0100000,0x00000000e3f00000)
  from space 6144K, 93% used [0x00000000e4100000,0x00000000e46a0b38,0x00000000e4700000)
  to   space 9728K, 0% used [0x00000000e4880000,0x00000000e4880000,0x00000000e5200000)
 ParOldGen       total 38400K, used 15926K [0x00000000a0200000, 0x00000000a2780000, 0x00000000e0100000)
  object space 38400K, 41% used [0x00000000a0200000,0x00000000a118dab8,0x00000000a2780000)
 Metaspace       used 31192K, capacity 32898K, committed 33152K, reserved 1077248K
  class space    used 4133K, capacity 4447K, committed 4480K, reserved 1048576K
}
Event: 248.546 GC heap before
{Heap before GC invocations=15 (full 1):
 PSYoungGen      total 69632K, used 27365K [0x00000000e0100000, 0x00000000e5200000, 0x0000000100000000)
  eden space 63488K, 34% used [0x00000000e0100000,0x00000000e16189a0,0x00000000e3f00000)
  from space 6144K, 93% used [0x00000000e4100000,0x00000000e46a0b38,0x00000000e4700000)
  to   space 9728K, 0% used [0x00000000e4880000,0x00000000e4880000,0x00000000e5200000)
 ParOldGen       total 38400K, used 15926K [0x00000000a0200000, 0x00000000a2780000, 0x00000000e0100000)
  object space 38400K, 41% used [0x00000000a0200000,0x00000000a118dab8,0x00000000a2780000)
 Metaspace       used 31418K, capacity 33122K, committed 33152K, reserved 1081344K
  class space    used 4151K, capacity 4479K, committed 4480K, reserved 1048576K
Event: 248.563 GC heap after
Heap after GC invocations=15 (full 1):
 PSYoungGen      total 70144K, used 947K [0x00000000e0100000, 0x00000000e5100000, 0x0000000100000000)
  eden space 61440K, 0% used [0x00000000e0100000,0x00000000e0100000,0x00000000e3d00000)
  from space 8704K, 10% used [0x00000000e4880000,0x00000000e496cf08,0x00000000e5100000)
  to   space 10240K, 0% used [0x00000000e3d00000,0x00000000e3d00000,0x00000000e4700000)
 ParOldGen       total 38400K, used 19302K [0x00000000a0200000, 0x00000000a2780000, 0x00000000e0100000)
  object space 38400K, 50% used [0x00000000a0200000,0x00000000a14d9af8,0x00000000a2780000)
 Metaspace       used 31418K, capacity 33122K, committed 33152K, reserved 1081344K
  class space    used 4151K, capacity 4479K, committed 4480K, reserved 1048576K
}
Event: 248.563 GC heap before
{Heap before GC invocations=16 (full 2):
 PSYoungGen      total 70144K, used 947K [0x00000000e0100000, 0x00000000e5100000, 0x0000000100000000)
  eden space 61440K, 0% used [0x00000000e0100000,0x00000000e0100000,0x00000000e3d00000)
  from space 8704K, 10% used [0x00000000e4880000,0x00000000e496cf08,0x00000000e5100000)
  to   space 10240K, 0% used [0x00000000e3d00000,0x00000000e3d00000,0x00000000e4700000)
 ParOldGen       total 38400K, used 19302K [0x00000000a0200000, 0x00000000a2780000, 0x00000000e0100000)
  object space 38400K, 50% used [0x00000000a0200000,0x00000000a14d9af8,0x00000000a2780000)
 Metaspace       used 31418K, capacity 33122K, committed 33152K, reserved 1081344K
  class space    used 4151K, capacity 4479K, committed 4480K, reserved 1048576K
Event: 248.923 GC heap after
Heap after GC invocations=16 (full 2):
 PSYoungGen      total 70144K, used 0K [0x00000000e0100000, 0x00000000e5100000, 0x0000000100000000)
  eden space 61440K, 0% used [0x00000000e0100000,0x00000000e0100000,0x00000000e3d00000)
  from space 8704K, 0% used [0x00000000e4880000,0x00000000e4880000,0x00000000e5100000)
  to   space 10240K, 0% used [0x00000000e3d00000,0x00000000e3d00000,0x00000000e4700000)
 ParOldGen       total 38400K, used 17605K [0x00000000a0200000, 0x00000000a2780000, 0x00000000e0100000)
  object space 38400K, 45% used [0x00000000a0200000,0x00000000a1331678,0x00000000a2780000)
 Metaspace       used 31418K, capacity 33122K, committed 33152K, reserved 1079296K
  class space    used 4151K, capacity 4479K, committed 4480K, reserved 1048576K
}

