# JRE version: Java(TM) SE Runtime Environment (8.0_101-b13) (build 1.8.0_101-b13)
# Java VM: Java HotSpot(TM) 64-Bit Server VM (25.101-b13 mixed mode windows-amd64 compressed oops)
Heap:
 PSYoungGen      total 461312K, used 84123K [0x00000000e0100000, 0x00000000ffe00000, 0x0000000100000000)
  eden space 402432K, 13% used [0x00000000e0100000,0x00000000e37f8158,0x00000000f8a00000)
  from space 58880K, 47% used [0x00000000fc300000,0x00000000fde2eb88,0x00000000ffc80000)
  to   space 58368K, 0% used [0x00000000f8a00000,0x00000000f8a00000,0x00000000fc300000)
 ParOldGen       total 182784K, used 142371K [0x00000000a0200000, 0x00000000ab480000, 0x00000000e0100000)
  object space 182784K, 77% used [0x00000000a0200000,0x00000000a8d08f68,0x00000000ab480000)
 Metaspace       used 234984K, capacity 269976K, committed 270080K, reserved 1286144K
  class space    used 26327K, capacity 32705K, committed 32768K, reserved 1048576K
GC Heap History (10 events):
Event: 5393.907 GC heap before
{Heap before GC invocations=84 (full 8):
 PSYoungGen      total 441344K, used 441036K [0x00000000e0100000, 0x0000000100000000, 0x0000000100000000)
  eden space 394240K, 100% used [0x00000000e0100000,0x00000000f8200000,0x00000000f8200000)
  from space 47104K, 99% used [0x00000000f8200000,0x00000000fafb3240,0x00000000fb000000)
  to   space 65536K, 0% used [0x00000000fc000000,0x00000000fc000000,0x0000000100000000)
 ParOldGen       total 182784K, used 118741K [0x00000000a0200000, 0x00000000ab480000, 0x00000000e0100000)
  object space 182784K, 64% used [0x00000000a0200000,0x00000000a75f54e8,0x00000000ab480000)
 Metaspace       used 226838K, capacity 260410K, committed 260608K, reserved 1277952K
  class space    used 25549K, capacity 31660K, committed 31744K, reserved 1048576K
Event: 5394.064 GC heap after
Heap after GC invocations=84 (full 8):
 PSYoungGen      total 460288K, used 38179K [0x00000000e0100000, 0x0000000100000000, 0x0000000100000000)
  eden space 394752K, 0% used [0x00000000e0100000,0x00000000e0100000,0x00000000f8280000)
  from space 65536K, 58% used [0x00000000fc000000,0x00000000fe548fe8,0x0000000100000000)
  to   space 62976K, 0% used [0x00000000f8280000,0x00000000f8280000,0x00000000fc000000)
 ParOldGen       total 182784K, used 127441K [0x00000000a0200000, 0x00000000ab480000, 0x00000000e0100000)
  object space 182784K, 69% used [0x00000000a0200000,0x00000000a7e747b0,0x00000000ab480000)
 Metaspace       used 226838K, capacity 260410K, committed 260608K, reserved 1277952K
  class space    used 25549K, capacity 31660K, committed 31744K, reserved 1048576K
}
Event: 5401.986 GC heap before
{Heap before GC invocations=85 (full 8):
 PSYoungGen      total 460288K, used 432931K [0x00000000e0100000, 0x0000000100000000, 0x0000000100000000)
  eden space 394752K, 100% used [0x00000000e0100000,0x00000000f8280000,0x00000000f8280000)
  from space 65536K, 58% used [0x00000000fc000000,0x00000000fe548fe8,0x0000000100000000)
  to   space 62976K, 0% used [0x00000000f8280000,0x00000000f8280000,0x00000000fc000000)
 ParOldGen       total 182784K, used 127441K [0x00000000a0200000, 0x00000000ab480000, 0x00000000e0100000)
  object space 182784K, 69% used [0x00000000a0200000,0x00000000a7e747b0,0x00000000ab480000)
 Metaspace       used 228639K, capacity 262516K, committed 262656K, reserved 1280000K
  class space    used 25724K, capacity 31899K, committed 32000K, reserved 1048576K
Event: 5402.083 GC heap after
Heap after GC invocations=85 (full 8):
 PSYoungGen      total 428032K, used 32795K [0x00000000e0100000, 0x00000000ffa80000, 0x0000000100000000)
  eden space 394752K, 0% used [0x00000000e0100000,0x00000000e0100000,0x00000000f8280000)
  from space 33280K, 98% used [0x00000000f8280000,0x00000000fa286e68,0x00000000fa300000)
  to   space 61440K, 0% used [0x00000000fbe80000,0x00000000fbe80000,0x00000000ffa80000)
 ParOldGen       total 182784K, used 134719K [0x00000000a0200000, 0x00000000ab480000, 0x00000000e0100000)
  object space 182784K, 73% used [0x00000000a0200000,0x00000000a858fca8,0x00000000ab480000)
 Metaspace       used 228639K, capacity 262516K, committed 262656K, reserved 1280000K
  class space    used 25724K, capacity 31899K, committed 32000K, reserved 1048576K
}
Event: 5593.152 GC heap before
{Heap before GC invocations=86 (full 8):
 PSYoungGen      total 428032K, used 427547K [0x00000000e0100000, 0x00000000ffa80000, 0x0000000100000000)
  eden space 394752K, 100% used [0x00000000e0100000,0x00000000f8280000,0x00000000f8280000)
  from space 33280K, 98% used [0x00000000f8280000,0x00000000fa286e68,0x00000000fa300000)
  to   space 61440K, 0% used [0x00000000fbe80000,0x00000000fbe80000,0x00000000ffa80000)
 ParOldGen       total 182784K, used 134719K [0x00000000a0200000, 0x00000000ab480000, 0x00000000e0100000)
  object space 182784K, 73% used [0x00000000a0200000,0x00000000a858fca8,0x00000000ab480000)
 Metaspace       used 229196K, capacity 263190K, committed 263424K, reserved 1280000K
  class space    used 25777K, capacity 31974K, committed 32000K, reserved 1048576K
Event: 5593.235 GC heap after
Heap after GC invocations=86 (full 8):
 PSYoungGen      total 457728K, used 30136K [0x00000000e0100000, 0x0000000100000000, 0x0000000100000000)
  eden space 396288K, 0% used [0x00000000e0100000,0x00000000e0100000,0x00000000f8400000)
  from space 61440K, 49% used [0x00000000fbe80000,0x00000000fdbee1c8,0x00000000ffa80000)
  to   space 59904K, 0% used [0x00000000f8400000,0x00000000f8400000,0x00000000fbe80000)
 ParOldGen       total 182784K, used 138087K [0x00000000a0200000, 0x00000000ab480000, 0x00000000e0100000)
  object space 182784K, 75% used [0x00000000a0200000,0x00000000a88d9cd8,0x00000000ab480000)
 Metaspace       used 229196K, capacity 263190K, committed 263424K, reserved 1280000K
  class space    used 25777K, capacity 31974K, committed 32000K, reserved 1048576K
}
Event: 5595.549 GC heap before
{Heap before GC invocations=87 (full 8):
 PSYoungGen      total 457728K, used 426424K [0x00000000e0100000, 0x0000000100000000, 0x0000000100000000)
  eden space 396288K, 100% used [0x00000000e0100000,0x00000000f8400000,0x00000000f8400000)
  from space 61440K, 49% used [0x00000000fbe80000,0x00000000fdbee1c8,0x00000000ffa80000)
  to   space 59904K, 0% used [0x00000000f8400000,0x00000000f8400000,0x00000000fbe80000)
 ParOldGen       total 182784K, used 138087K [0x00000000a0200000, 0x00000000ab480000, 0x00000000e0100000)
  object space 182784K, 75% used [0x00000000a0200000,0x00000000a88d9cd8,0x00000000ab480000)
 Metaspace       used 232614K, capacity 267194K, committed 267520K, reserved 1284096K
  class space    used 26102K, capacity 32428K, committed 32512K, reserved 1048576K
Event: 5595.705 GC heap after
Heap after GC invocations=87 (full 8):
 PSYoungGen      total 456192K, used 28638K [0x00000000e0100000, 0x00000000ffc80000, 0x0000000100000000)
  eden space 396288K, 0% used [0x00000000e0100000,0x00000000e0100000,0x00000000f8400000)
  from space 59904K, 47% used [0x00000000f8400000,0x00000000f9ff78c8,0x00000000fbe80000)
  to   space 58880K, 0% used [0x00000000fc300000,0x00000000fc300000,0x00000000ffc80000)
 ParOldGen       total 182784K, used 139508K [0x00000000a0200000, 0x00000000ab480000, 0x00000000e0100000)
  object space 182784K, 76% used [0x00000000a0200000,0x00000000a8a3d3f8,0x00000000ab480000)
 Metaspace       used 232614K, capacity 267194K, committed 267520K, reserved 1284096K
  class space    used 26102K, capacity 32428K, committed 32512K, reserved 1048576K
}
Event: 5601.174 GC heap before
{Heap before GC invocations=88 (full 8):
 PSYoungGen      total 456192K, used 424926K [0x00000000e0100000, 0x00000000ffc80000, 0x0000000100000000)
  eden space 396288K, 100% used [0x00000000e0100000,0x00000000f8400000,0x00000000f8400000)
  from space 59904K, 47% used [0x00000000f8400000,0x00000000f9ff78c8,0x00000000fbe80000)
  to   space 58880K, 0% used [0x00000000fc300000,0x00000000fc300000,0x00000000ffc80000)
 ParOldGen       total 182784K, used 139508K [0x00000000a0200000, 0x00000000ab480000, 0x00000000e0100000)
  object space 182784K, 76% used [0x00000000a0200000,0x00000000a8a3d3f8,0x00000000ab480000)
 Metaspace       used 234984K, capacity 269976K, committed 270080K, reserved 1286144K
  class space    used 26327K, capacity 32705K, committed 32768K, reserved 1048576K
Event: 5601.245 GC heap after
Heap after GC invocations=88 (full 8):
 PSYoungGen      total 461312K, used 27834K [0x00000000e0100000, 0x00000000ffe00000, 0x0000000100000000)
  eden space 402432K, 0% used [0x00000000e0100000,0x00000000e0100000,0x00000000f8a00000)
  from space 58880K, 47% used [0x00000000fc300000,0x00000000fde2eb88,0x00000000ffc80000)
  to   space 58368K, 0% used [0x00000000f8a00000,0x00000000f8a00000,0x00000000fc300000)
 ParOldGen       total 182784K, used 142371K [0x00000000a0200000, 0x00000000ab480000, 0x00000000e0100000)
  object space 182784K, 77% used [0x00000000a0200000,0x00000000a8d08f68,0x00000000ab480000)
 Metaspace       used 234984K, capacity 269976K, committed 270080K, reserved 1286144K
  class space    used 26327K, capacity 32705K, committed 32768K, reserved 1048576K
}

