# JRE version: Java(TM) SE Runtime Environment (8.0_101-b13) (build 1.8.0_101-b13)
# Java VM: Java HotSpot(TM) 64-Bit Server VM (25.101-b13 mixed mode windows-amd64 compressed oops)
Heap:
 PSYoungGen      total 208384K, used 2917K [0x00000000e0100000, 0x00000000f6380000, 0x0000000100000000)
  eden space 193024K, 1% used [0x00000000e0100000,0x00000000e03d9498,0x00000000ebd80000)
  from space 15360K, 0% used [0x00000000f5480000,0x00000000f5480000,0x00000000f6380000)
  to   space 10752K, 0% used [0x00000000ebd80000,0x00000000ebd80000,0x00000000ec800000)
 ParOldGen       total 45056K, used 19072K [0x00000000a0200000, 0x00000000a2e00000, 0x00000000e0100000)
  object space 45056K, 42% used [0x00000000a0200000,0x00000000a14a01b0,0x00000000a2e00000)
 Metaspace       used 31948K, capacity 33650K, committed 33792K, reserved 1081344K
  class space    used 4201K, capacity 4511K, committed 4608K, reserved 1048576K
GC Heap History (10 events):
Event: 42.819 GC heap before
{Heap before GC invocations=6 (full 1):
 PSYoungGen      total 102400K, used 4069K [0x00000000e0100000, 0x00000000ed600000, 0x0000000100000000)
  eden space 98304K, 0% used [0x00000000e0100000,0x00000000e0100000,0x00000000e6100000)
  from space 4096K, 99% used [0x00000000e6100000,0x00000000e64f9468,0x00000000e6500000)
  to   space 10752K, 0% used [0x00000000ecb80000,0x00000000ecb80000,0x00000000ed600000)
 ParOldGen       total 65536K, used 11326K [0x00000000a0200000, 0x00000000a4200000, 0x00000000e0100000)
  object space 65536K, 17% used [0x00000000a0200000,0x00000000a0d0fa30,0x00000000a4200000)
 Metaspace       used 20538K, capacity 21170K, committed 21248K, reserved 1067008K
  class space    used 2585K, capacity 2748K, committed 2816K, reserved 1048576K
Event: 43.024 GC heap after
Heap after GC invocations=6 (full 1):
 PSYoungGen      total 102400K, used 0K [0x00000000e0100000, 0x00000000ed600000, 0x0000000100000000)
  eden space 98304K, 0% used [0x00000000e0100000,0x00000000e0100000,0x00000000e6100000)
  from space 4096K, 0% used [0x00000000e6100000,0x00000000e6100000,0x00000000e6500000)
  to   space 10752K, 0% used [0x00000000ecb80000,0x00000000ecb80000,0x00000000ed600000)
 ParOldGen       total 45056K, used 11382K [0x00000000a0200000, 0x00000000a2e00000, 0x00000000e0100000)
  object space 45056K, 25% used [0x00000000a0200000,0x00000000a0d1d830,0x00000000a2e00000)
 Metaspace       used 20538K, capacity 21170K, committed 21248K, reserved 1067008K
  class space    used 2585K, capacity 2748K, committed 2816K, reserved 1048576K
}
Event: 79.131 GC heap before
{Heap before GC invocations=7 (full 1):
 PSYoungGen      total 102400K, used 98304K [0x00000000e0100000, 0x00000000ed600000, 0x0000000100000000)
  eden space 98304K, 100% used [0x00000000e0100000,0x00000000e6100000,0x00000000e6100000)
  from space 4096K, 0% used [0x00000000e6100000,0x00000000e6100000,0x00000000e6500000)
  to   space 10752K, 0% used [0x00000000ecb80000,0x00000000ecb80000,0x00000000ed600000)
 ParOldGen       total 45056K, used 11382K [0x00000000a0200000, 0x00000000a2e00000, 0x00000000e0100000)
  object space 45056K, 25% used [0x00000000a0200000,0x00000000a0d1d830,0x00000000a2e00000)
 Metaspace       used 21656K, capacity 22370K, committed 22400K, reserved 1069056K
  class space    used 2732K, capacity 2928K, committed 2944K, reserved 1048576K
Event: 79.168 GC heap after
Heap after GC invocations=7 (full 1):
 PSYoungGen      total 189952K, used 6796K [0x00000000e0100000, 0x00000000ed280000, 0x0000000100000000)
  eden space 182784K, 0% used [0x00000000e0100000,0x00000000e0100000,0x00000000eb380000)
  from space 7168K, 94% used [0x00000000ecb80000,0x00000000ed2232a0,0x00000000ed280000)
  to   space 10752K, 0% used [0x00000000ebd80000,0x00000000ebd80000,0x00000000ec800000)
 ParOldGen       total 45056K, used 11382K [0x00000000a0200000, 0x00000000a2e00000, 0x00000000e0100000)
  object space 45056K, 25% used [0x00000000a0200000,0x00000000a0d1d830,0x00000000a2e00000)
 Metaspace       used 21656K, capacity 22370K, committed 22400K, reserved 1069056K
  class space    used 2732K, capacity 2928K, committed 2944K, reserved 1048576K
}
Event: 186.120 GC heap before
{Heap before GC invocations=8 (full 1):
 PSYoungGen      total 189952K, used 189580K [0x00000000e0100000, 0x00000000ed280000, 0x0000000100000000)
  eden space 182784K, 100% used [0x00000000e0100000,0x00000000eb380000,0x00000000eb380000)
  from space 7168K, 94% used [0x00000000ecb80000,0x00000000ed2232a0,0x00000000ed280000)
  to   space 10752K, 0% used [0x00000000ebd80000,0x00000000ebd80000,0x00000000ec800000)
 ParOldGen       total 45056K, used 11382K [0x00000000a0200000, 0x00000000a2e00000, 0x00000000e0100000)
  object space 45056K, 25% used [0x00000000a0200000,0x00000000a0d1d830,0x00000000a2e00000)
 Metaspace       used 28954K, capacity 30264K, committed 30592K, reserved 1075200K
  class space    used 3833K, capacity 4126K, committed 4224K, reserved 1048576K
Event: 186.170 GC heap after
Heap after GC invocations=8 (full 1):
 PSYoungGen      total 203776K, used 10740K [0x00000000e0100000, 0x00000000f6380000, 0x0000000100000000)
  eden space 193024K, 0% used [0x00000000e0100000,0x00000000e0100000,0x00000000ebd80000)
  from space 10752K, 99% used [0x00000000ebd80000,0x00000000ec7fd160,0x00000000ec800000)
  to   space 15360K, 0% used [0x00000000f5480000,0x00000000f5480000,0x00000000f6380000)
 ParOldGen       total 45056K, used 17433K [0x00000000a0200000, 0x00000000a2e00000, 0x00000000e0100000)
  object space 45056K, 38% used [0x00000000a0200000,0x00000000a13064a0,0x00000000a2e00000)
 Metaspace       used 28954K, capacity 30264K, committed 30592K, reserved 1075200K
  class space    used 3833K, capacity 4126K, committed 4224K, reserved 1048576K
}
Event: 253.796 GC heap before
{Heap before GC invocations=9 (full 1):
 PSYoungGen      total 203776K, used 75806K [0x00000000e0100000, 0x00000000f6380000, 0x0000000100000000)
  eden space 193024K, 33% used [0x00000000e0100000,0x00000000e408a6c0,0x00000000ebd80000)
  from space 10752K, 99% used [0x00000000ebd80000,0x00000000ec7fd160,0x00000000ec800000)
  to   space 15360K, 0% used [0x00000000f5480000,0x00000000f5480000,0x00000000f6380000)
 ParOldGen       total 45056K, used 17433K [0x00000000a0200000, 0x00000000a2e00000, 0x00000000e0100000)
  object space 45056K, 38% used [0x00000000a0200000,0x00000000a13064a0,0x00000000a2e00000)
 Metaspace       used 31683K, capacity 33362K, committed 33408K, reserved 1083392K
  class space    used 4176K, capacity 4479K, committed 4480K, reserved 1048576K
Event: 254.158 GC heap after
Heap after GC invocations=9 (full 1):
 PSYoungGen      total 208384K, used 13472K [0x00000000e0100000, 0x00000000f6380000, 0x0000000100000000)
  eden space 193024K, 0% used [0x00000000e0100000,0x00000000e0100000,0x00000000ebd80000)
  from space 15360K, 87% used [0x00000000f5480000,0x00000000f61a8070,0x00000000f6380000)
  to   space 10752K, 0% used [0x00000000ebd80000,0x00000000ebd80000,0x00000000ec800000)
 ParOldGen       total 45056K, used 17433K [0x00000000a0200000, 0x00000000a2e00000, 0x00000000e0100000)
  object space 45056K, 38% used [0x00000000a0200000,0x00000000a13064a0,0x00000000a2e00000)
 Metaspace       used 31683K, capacity 33362K, committed 33408K, reserved 1083392K
  class space    used 4176K, capacity 4479K, committed 4480K, reserved 1048576K
}
Event: 254.158 GC heap before
{Heap before GC invocations=10 (full 2):
 PSYoungGen      total 208384K, used 13472K [0x00000000e0100000, 0x00000000f6380000, 0x0000000100000000)
  eden space 193024K, 0% used [0x00000000e0100000,0x00000000e0100000,0x00000000ebd80000)
  from space 15360K, 87% used [0x00000000f5480000,0x00000000f61a8070,0x00000000f6380000)
  to   space 10752K, 0% used [0x00000000ebd80000,0x00000000ebd80000,0x00000000ec800000)
 ParOldGen       total 45056K, used 17433K [0x00000000a0200000, 0x00000000a2e00000, 0x00000000e0100000)
  object space 45056K, 38% used [0x00000000a0200000,0x00000000a13064a0,0x00000000a2e00000)
 Metaspace       used 31683K, capacity 33362K, committed 33408K, reserved 1083392K
  class space    used 4176K, capacity 4479K, committed 4480K, reserved 1048576K
Event: 254.603 GC heap after
Heap after GC invocations=10 (full 2):
 PSYoungGen      total 208384K, used 0K [0x00000000e0100000, 0x00000000f6380000, 0x0000000100000000)
  eden space 193024K, 0% used [0x00000000e0100000,0x00000000e0100000,0x00000000ebd80000)
  from space 15360K, 0% used [0x00000000f5480000,0x00000000f5480000,0x00000000f6380000)
  to   space 10752K, 0% used [0x00000000ebd80000,0x00000000ebd80000,0x00000000ec800000)
 ParOldGen       total 45056K, used 19072K [0x00000000a0200000, 0x00000000a2e00000, 0x00000000e0100000)
  object space 45056K, 42% used [0x00000000a0200000,0x00000000a14a01b0,0x00000000a2e00000)
 Metaspace       used 31683K, capacity 33362K, committed 33408K, reserved 1081344K
  class space    used 4176K, capacity 4479K, committed 4480K, reserved 1048576K
}

